#
# There is insufficient memory for the Java Runtime Environment to continue.
# Native memory allocation (mmap) failed to map 85458944 bytes for committing reserved memory.
# Possible reasons:
#   The system is out of physical RAM or swap space
#   In 32 bit mode, the process size limit was hit
# Possible solutions:
#   Reduce memory load on the system
#   Increase physical memory or swap space
#   Check if swap backing store is full
#   Use 64 bit Java on a 64 bit OS
#   Decrease Java heap size (-Xmx/-Xms)
#   Decrease number of Java threads
#   Decrease Java thread stack sizes (-Xss)
#   Set larger code cache with -XX:ReservedCodeCacheSize=
# This output file may be truncated or incomplete.
#
#  Out of Memory Error (os_linux.cpp:2643), pid=29074, tid=0x00007f6dbf1d6700
#
# JRE version:  (8.0_151-b12) (build )
# Java VM: OpenJDK 64-Bit Server VM (25.151-b12 mixed mode linux-amd64 compressed oops)
# Failed to write core dump. Core dumps have been disabled. To enable core dumping, try "ulimit -c unlimited" before starting Java again
#

---------------  T H R E A D  ---------------

Current thread (0x00007f6db800a000):  JavaThread "Unknown thread" [_thread_in_vm, id=29075, stack(0x00007f6dbf0d6000,0x00007f6dbf1d7000)]

Stack: [0x00007f6dbf0d6000,0x00007f6dbf1d7000],  sp=0x00007f6dbf1d5610,  free space=1021k
Native frames: (J=compiled Java code, j=interpreted, Vv=VM code, C=native code)
V  [libjvm.so+0xa6b400]
V  [libjvm.so+0x4c67fc]
V  [libjvm.so+0x8bab90]
V  [libjvm.so+0x8b521e]
V  [libjvm.so+0x92f9be]
V  [libjvm.so+0x920443]
V  [libjvm.so+0x2b01a1]
V  [libjvm.so+0x8dfb42]
V  [libjvm.so+0xa2f6f1]
V  [libjvm.so+0xa2f952]
V  [libjvm.so+0x60f13f]
V  [libjvm.so+0xa141ca]
V  [libjvm.so+0x6891c1]  JNI_CreateJavaVM+0x61
C  [libjli.so+0x2f06]
C  [libjli.so+0x748d]
C  [libpthread.so.0+0x76da]  start_thread+0xca


---------------  P R O C E S S  ---------------

Java Threads: ( => current thread )

Other Threads:

=>0x00007f6db800a000 (exited) JavaThread "Unknown thread" [_thread_in_vm, id=29075, stack(0x00007f6dbf0d6000,0x00007f6dbf1d7000)]

VM state:not at safepoint (not fully initialized)

VM Mutex/Monitor currently owned by a thread: None

GC Heap History (0 events):
No events

Deoptimization events (0 events):
No events

Internal exceptions (0 events):
No events

Events (0 events):
No events


Dynamic libraries:
8cf80000-d7f80000 ---p 00000000 00:00 0 
d7f80000-da800000 rw-p 00000000 00:00 0 
da800000-100000000 ---p 00000000 00:00 0 
55dd135d4000-55dd135d5000 r-xp 00000000 08:05 5247492                    /usr/lib/jvm/java-8-openjdk-amd64/jre/bin/java
55dd137d4000-55dd137d5000 r--p 00000000 08:05 5247492                    /usr/lib/jvm/java-8-openjdk-amd64/jre/bin/java
55dd137d5000-55dd137d6000 rw-p 00001000 08:05 5247492                    /usr/lib/jvm/java-8-openjdk-amd64/jre/bin/java
55dd13c33000-55dd13c54000 rw-p 00000000 00:00 0                          [heap]
7f6da8257000-7f6da84d7000 ---p 00000000 00:00 0 
7f6da84d7000-7f6da84ec000 rw-p 00000000 00:00 0 
7f6da84ec000-7f6da8618000 ---p 00000000 00:00 0 
7f6da8618000-7f6da8623000 rw-p 00000000 00:00 0 
7f6da8623000-7f6da89d9000 ---p 00000000 00:00 0 
7f6da89d9000-7f6da8c49000 rwxp 00000000 00:00 0 
7f6da8c49000-7f6db79d9000 ---p 00000000 00:00 0 
7f6db79d9000-7f6db79e1000 r-xp 00000000 08:05 5251104                    /usr/lib/jvm/java-8-openjdk-amd64/jre/lib/amd64/libzip.so
7f6db79e1000-7f6db7be0000 ---p 00008000 08:05 5251104                    /usr/lib/jvm/java-8-openjdk-amd64/jre/lib/amd64/libzip.so
7f6db7be0000-7f6db7be1000 r--p 00007000 08:05 5251104                    /usr/lib/jvm/java-8-openjdk-amd64/jre/lib/amd64/libzip.so
7f6db7be1000-7f6db7be2000 rw-p 00008000 08:05 5251104                    /usr/lib/jvm/java-8-openjdk-amd64/jre/lib/amd64/libzip.so
7f6db7be2000-7f6db7bed000 r-xp 00000000 08:05 5776678                    /lib/x86_64-linux-gnu/libnss_files-2.24.so
7f6db7bed000-7f6db7dec000 ---p 0000b000 08:05 5776678                    /lib/x86_64-linux-gnu/libnss_files-2.24.so
7f6db7dec000-7f6db7ded000 r--p 0000a000 08:05 5776678                    /lib/x86_64-linux-gnu/libnss_files-2.24.so
7f6db7ded000-7f6db7dee000 rw-p 0000b000 08:05 5776678                    /lib/x86_64-linux-gnu/libnss_files-2.24.so
7f6db7dee000-7f6db7df4000 rw-p 00000000 00:00 0 
7f6db7df4000-7f6db7dff000 r-xp 00000000 08:05 5776680                    /lib/x86_64-linux-gnu/libnss_nis-2.24.so
7f6db7dff000-7f6db7ffe000 ---p 0000b000 08:05 5776680                    /lib/x86_64-linux-gnu/libnss_nis-2.24.so
7f6db7ffe000-7f6db7fff000 r--p 0000a000 08:05 5776680                    /lib/x86_64-linux-gnu/libnss_nis-2.24.so
7f6db7fff000-7f6db8000000 rw-p 0000b000 08:05 5776680                    /lib/x86_64-linux-gnu/libnss_nis-2.24.so
7f6db8000000-7f6db8031000 rw-p 00000000 00:00 0 
7f6db8031000-7f6dbc000000 ---p 00000000 00:00 0 
7f6dbc195000-7f6dbc1ab000 r-xp 00000000 08:05 5776675                    /lib/x86_64-linux-gnu/libnsl-2.24.so
7f6dbc1ab000-7f6dbc3aa000 ---p 00016000 08:05 5776675                    /lib/x86_64-linux-gnu/libnsl-2.24.so
7f6dbc3aa000-7f6dbc3ab000 r--p 00015000 08:05 5776675                    /lib/x86_64-linux-gnu/libnsl-2.24.so
7f6dbc3ab000-7f6dbc3ac000 rw-p 00016000 08:05 5776675                    /lib/x86_64-linux-gnu/libnsl-2.24.so
7f6dbc3ac000-7f6dbc3ae000 rw-p 00000000 00:00 0 
7f6dbc3ae000-7f6dbc3b6000 r-xp 00000000 08:05 5776676                    /lib/x86_64-linux-gnu/libnss_compat-2.24.so
7f6dbc3b6000-7f6dbc5b5000 ---p 00008000 08:05 5776676                    /lib/x86_64-linux-gnu/libnss_compat-2.24.so
7f6dbc5b5000-7f6dbc5b6000 r--p 00007000 08:05 5776676                    /lib/x86_64-linux-gnu/libnss_compat-2.24.so
7f6dbc5b6000-7f6dbc5b7000 rw-p 00008000 08:05 5776676                    /lib/x86_64-linux-gnu/libnss_compat-2.24.so
7f6dbc5b7000-7f6dbc5e4000 r-xp 00000000 08:05 5251085                    /usr/lib/jvm/java-8-openjdk-amd64/jre/lib/amd64/libjava.so
7f6dbc5e4000-7f6dbc7e3000 ---p 0002d000 08:05 5251085                    /usr/lib/jvm/java-8-openjdk-amd64/jre/lib/amd64/libjava.so
7f6dbc7e3000-7f6dbc7e4000 r--p 0002c000 08:05 5251085                    /usr/lib/jvm/java-8-openjdk-amd64/jre/lib/amd64/libjava.so
7f6dbc7e4000-7f6dbc7e6000 rw-p 0002d000 08:05 5251085                    /usr/lib/jvm/java-8-openjdk-amd64/jre/lib/amd64/libjava.so
7f6dbc7e6000-7f6dbc7f5000 r-xp 00000000 08:05 5251103                    /usr/lib/jvm/java-8-openjdk-amd64/jre/lib/amd64/libverify.so
7f6dbc7f5000-7f6dbc9f5000 ---p 0000f000 08:05 5251103                    /usr/lib/jvm/java-8-openjdk-amd64/jre/lib/amd64/libverify.so
7f6dbc9f5000-7f6dbc9f7000 r--p 0000f000 08:05 5251103                    /usr/lib/jvm/java-8-openjdk-amd64/jre/lib/amd64/libverify.so
7f6dbc9f7000-7f6dbc9f8000 rw-p 00011000 08:05 5251103                    /usr/lib/jvm/java-8-openjdk-amd64/jre/lib/amd64/libverify.so
7f6dbc9f8000-7f6dbc9ff000 r-xp 00000000 08:05 5776685                    /lib/x86_64-linux-gnu/librt-2.24.so
7f6dbc9ff000-7f6dbcbfe000 ---p 00007000 08:05 5776685                    /lib/x86_64-linux-gnu/librt-2.24.so
7f6dbcbfe000-7f6dbcbff000 r--p 00006000 08:05 5776685                    /lib/x86_64-linux-gnu/librt-2.24.so
7f6dbcbff000-7f6dbcc00000 rw-p 00007000 08:05 5776685                    /lib/x86_64-linux-gnu/librt-2.24.so
7f6dbcc00000-7f6dbcc16000 r-xp 00000000 08:05 5771974                    /lib/x86_64-linux-gnu/libgcc_s.so.1
7f6dbcc16000-7f6dbce15000 ---p 00016000 08:05 5771974                    /lib/x86_64-linux-gnu/libgcc_s.so.1
7f6dbce15000-7f6dbce16000 r--p 00015000 08:05 5771974                    /lib/x86_64-linux-gnu/libgcc_s.so.1
7f6dbce16000-7f6dbce17000 rw-p 00016000 08:05 5771974                    /lib/x86_64-linux-gnu/libgcc_s.so.1
7f6dbce17000-7f6dbcf1f000 r-xp 00000000 08:05 5776672                    /lib/x86_64-linux-gnu/libm-2.24.so
7f6dbcf1f000-7f6dbd11e000 ---p 00108000 08:05 5776672                    /lib/x86_64-linux-gnu/libm-2.24.so
7f6dbd11e000-7f6dbd11f000 r--p 00107000 08:05 5776672                    /lib/x86_64-linux-gnu/libm-2.24.so
7f6dbd11f000-7f6dbd120000 rw-p 00108000 08:05 5776672                    /lib/x86_64-linux-gnu/libm-2.24.so
7f6dbd120000-7f6dbd299000 r-xp 00000000 08:05 4727424                    /usr/lib/x86_64-linux-gnu/libstdc++.so.6.0.22
7f6dbd299000-7f6dbd498000 ---p 00179000 08:05 4727424                    /usr/lib/x86_64-linux-gnu/libstdc++.so.6.0.22
7f6dbd498000-7f6dbd4a2000 r--p 00178000 08:05 4727424                    /usr/lib/x86_64-linux-gnu/libstdc++.so.6.0.22
7f6dbd4a2000-7f6dbd4a4000 rw-p 00182000 08:05 4727424                    /usr/lib/x86_64-linux-gnu/libstdc++.so.6.0.22
7f6dbd4a4000-7f6dbd4a8000 rw-p 00000000 00:00 0 
7f6dbd4a8000-7f6dbe0fd000 r-xp 00000000 08:05 5251106                    /usr/lib/jvm/java-8-openjdk-amd64/jre/lib/amd64/server/libjvm.so
7f6dbe0fd000-7f6dbe2fd000 ---p 00c55000 08:05 5251106                    /usr/lib/jvm/java-8-openjdk-amd64/jre/lib/amd64/server/libjvm.so
7f6dbe2fd000-7f6dbe390000 r--p 00c55000 08:05 5251106                    /usr/lib/jvm/java-8-openjdk-amd64/jre/lib/amd64/server/libjvm.so
7f6dbe390000-7f6dbe3b9000 rw-p 00ce8000 08:05 5251106                    /usr/lib/jvm/java-8-openjdk-amd64/jre/lib/amd64/server/libjvm.so
7f6dbe3b9000-7f6dbe3e9000 rw-p 00000000 00:00 0 
7f6dbe3e9000-7f6dbe401000 r-xp 00000000 08:05 5776683                    /lib/x86_64-linux-gnu/libpthread-2.24.so
7f6dbe401000-7f6dbe601000 ---p 00018000 08:05 5776683                    /lib/x86_64-linux-gnu/libpthread-2.24.so
7f6dbe601000-7f6dbe602000 r--p 00018000 08:05 5776683                    /lib/x86_64-linux-gnu/libpthread-2.24.so
7f6dbe602000-7f6dbe603000 rw-p 00019000 08:05 5776683                    /lib/x86_64-linux-gnu/libpthread-2.24.so
7f6dbe603000-7f6dbe607000 rw-p 00000000 00:00 0 
7f6dbe607000-7f6dbe60a000 r-xp 00000000 08:05 5776671                    /lib/x86_64-linux-gnu/libdl-2.24.so
7f6dbe60a000-7f6dbe809000 ---p 00003000 08:05 5776671                    /lib/x86_64-linux-gnu/libdl-2.24.so
7f6dbe809000-7f6dbe80a000 r--p 00002000 08:05 5776671                    /lib/x86_64-linux-gnu/libdl-2.24.so
7f6dbe80a000-7f6dbe80b000 rw-p 00003000 08:05 5776671                    /lib/x86_64-linux-gnu/libdl-2.24.so
7f6dbe80b000-7f6dbe826000 r-xp 00000000 08:05 5772115                    /lib/x86_64-linux-gnu/libz.so.1.2.11
7f6dbe826000-7f6dbea25000 ---p 0001b000 08:05 5772115                    /lib/x86_64-linux-gnu/libz.so.1.2.11
7f6dbea25000-7f6dbea26000 r--p 0001a000 08:05 5772115                    /lib/x86_64-linux-gnu/libz.so.1.2.11
7f6dbea26000-7f6dbea27000 rw-p 0001b000 08:05 5772115                    /lib/x86_64-linux-gnu/libz.so.1.2.11
7f6dbea27000-7f6dbebe5000 r-xp 00000000 08:05 5776668                    /lib/x86_64-linux-gnu/libc-2.24.so
7f6dbebe5000-7f6dbede4000 ---p 001be000 08:05 5776668                    /lib/x86_64-linux-gnu/libc-2.24.so
7f6dbede4000-7f6dbede8000 r--p 001bd000 08:05 5776668                    /lib/x86_64-linux-gnu/libc-2.24.so
7f6dbede8000-7f6dbedea000 rw-p 001c1000 08:05 5776668                    /lib/x86_64-linux-gnu/libc-2.24.so
7f6dbedea000-7f6dbedee000 rw-p 00000000 00:00 0 
7f6dbedee000-7f6dbedfb000 r-xp 00000000 08:05 5247504                    /usr/lib/jvm/java-8-openjdk-amd64/jre/lib/amd64/jli/libjli.so
7f6dbedfb000-7f6dbeffb000 ---p 0000d000 08:05 5247504                    /usr/lib/jvm/java-8-openjdk-amd64/jre/lib/amd64/jli/libjli.so
7f6dbeffb000-7f6dbeffc000 r--p 0000d000 08:05 5247504                    /usr/lib/jvm/java-8-openjdk-amd64/jre/lib/amd64/jli/libjli.so
7f6dbeffc000-7f6dbeffd000 rw-p 0000e000 08:05 5247504                    /usr/lib/jvm/java-8-openjdk-amd64/jre/lib/amd64/jli/libjli.so
7f6dbeffd000-7f6dbf023000 r-xp 00000000 08:05 5767173                    /lib/x86_64-linux-gnu/ld-2.24.so
7f6dbf0d6000-7f6dbf0d9000 ---p 00000000 00:00 0 
7f6dbf0d9000-7f6dbf1db000 rw-p 00000000 00:00 0 
7f6dbf215000-7f6dbf21d000 rw-s 00000000 08:05 1065844                    /tmp/hsperfdata_arne/29074
7f6dbf21d000-7f6dbf21e000 rw-p 00000000 00:00 0 
7f6dbf21e000-7f6dbf21f000 r--p 00000000 00:00 0 
7f6dbf21f000-7f6dbf222000 rw-p 00000000 00:00 0 
7f6dbf222000-7f6dbf223000 r--p 00025000 08:05 5767173                    /lib/x86_64-linux-gnu/ld-2.24.so
7f6dbf223000-7f6dbf224000 rw-p 00026000 08:05 5767173                    /lib/x86_64-linux-gnu/ld-2.24.so
7f6dbf224000-7f6dbf225000 rw-p 00000000 00:00 0 
7ffc4ca3e000-7ffc4ca60000 rw-p 00000000 00:00 0                          [stack]
7ffc4caf1000-7ffc4caf3000 r--p 00000000 00:00 0                          [vvar]
7ffc4caf3000-7ffc4caf5000 r-xp 00000000 00:00 0                          [vdso]
ffffffffff600000-ffffffffff601000 r-xp 00000000 00:00 0                  [vsyscall]

VM Arguments:
jvm_args: -Dsmartgit.logging=false -Djava.net.preferIPv4Stack=true 
java_command: com.syntevo.dvcs.transport.ssh.SdSshMain git@github.com git-upload-pack 'arneboe/stm32-hal-usb-midi-test.git'
java_class_path (initial): /home/arne/.smartgit/updates/repo/trilead.jar.904fb3a819dc4990adefc626112bb351f23f31ec:/home/arne/.smartgit/updates/repo/log4j.jar.f0a0d2e29ed910808c33135a3a5a51bba6358f7b:/home/arne/.smartgit/updates/repo/smartgit.jar.3aa29a47da523464ccfec29f32dc4b2728bed8e4
Launcher Type: SUN_STANDARD

Environment Variables:
PATH=/usr/lib/git-core:/home/arne/tools/smartgit/lib:/home/arne/.cargo/bin:/usr/local/sbin:/usr/local/bin:/usr/sbin:/usr/bin:/sbin:/bin:/usr/games:/usr/local/games:/snap/bin
LD_LIBRARY_PATH=:/usr/lib/gnome-private/lib
SHELL=/bin/bash
DISPLAY=:0.0

Signal Handlers:
SIGSEGV: [libjvm.so+0xa6be90], sa_mask[0]=11111111011111111101111111111110, sa_flags=SA_RESTART|SA_SIGINFO
SIGBUS: [libjvm.so+0xa6be90], sa_mask[0]=11111111011111111101111111111110, sa_flags=SA_RESTART|SA_SIGINFO
SIGFPE: [libjvm.so+0x8b63b0], sa_mask[0]=11111111011111111101111111111110, sa_flags=SA_RESTART|SA_SIGINFO
SIGPIPE: [libjvm.so+0x8b63b0], sa_mask[0]=11111111011111111101111111111110, sa_flags=SA_RESTART|SA_SIGINFO
SIGXFSZ: [libjvm.so+0x8b63b0], sa_mask[0]=11111111011111111101111111111110, sa_flags=SA_RESTART|SA_SIGINFO
SIGILL: [libjvm.so+0x8b63b0], sa_mask[0]=11111111011111111101111111111110, sa_flags=SA_RESTART|SA_SIGINFO
SIGUSR1: SIG_DFL, sa_mask[0]=00000000000000000000000000000000, sa_flags=none
SIGUSR2: [libjvm.so+0x8b6260], sa_mask[0]=00100000000000000000000000000000, sa_flags=SA_RESTART|SA_SIGINFO
SIGHUP: SIG_DFL, sa_mask[0]=00000000000000000000000000000000, sa_flags=none
SIGINT: SIG_DFL, sa_mask[0]=00000000000000000000000000000000, sa_flags=none
SIGTERM: SIG_DFL, sa_mask[0]=00000000000000000000000000000000, sa_flags=none
SIGQUIT: SIG_DFL, sa_mask[0]=00000000000000000000000000000000, sa_flags=none


---------------  S Y S T E M  ---------------

OS:DISTRIB_ID=Ubuntu
DISTRIB_RELEASE=17.04
DISTRIB_CODENAME=zesty
DISTRIB_DESCRIPTION="Ubuntu 17.04"

uname:Linux 4.10.0-42-generic #46-Ubuntu SMP Mon Dec 4 14:38:01 UTC 2017 x86_64
libc:glibc 2.24 NPTL 2.24 
rlimit: STACK 8192k, CORE 0k, NPROC 30519, NOFILE 1048576, AS infinity
load average:30.43 20.42 9.59

/proc/meminfo:
MemTotal:        7866696 kB
MemFree:          103296 kB
MemAvailable:       7048 kB
Buffers:             552 kB
Cached:           174596 kB
SwapCached:        14872 kB
Active:          6230640 kB
Inactive:        1013940 kB
Active(anon):    6221440 kB
Inactive(anon):  1002976 kB
Active(file):       9200 kB
Inactive(file):    10964 kB
Unevictable:         136 kB
Mlocked:             136 kB
SwapTotal:       2097148 kB
SwapFree:              0 kB
Dirty:                20 kB
Writeback:             0 kB
AnonPages:       7056300 kB
Mapped:           225560 kB
Shmem:            154136 kB
Slab:             194908 kB
SReclaimable:      61184 kB
SUnreclaim:       133724 kB
KernelStack:       28240 kB
PageTables:       124012 kB
NFS_Unstable:          0 kB
Bounce:                0 kB
WritebackTmp:          0 kB
CommitLimit:     6030496 kB
Committed_AS:   23178012 kB
VmallocTotal:   34359738367 kB
VmallocUsed:           0 kB
VmallocChunk:          0 kB
HardwareCorrupted:     0 kB
AnonHugePages:   2637824 kB
ShmemHugePages:        0 kB
ShmemPmdMapped:        0 kB
CmaTotal:              0 kB
CmaFree:               0 kB
HugePages_Total:       0
HugePages_Free:        0
HugePages_Rsvd:        0
HugePages_Surp:        0
Hugepagesize:       2048 kB
DirectMap4k:      552124 kB
DirectMap2M:     7526400 kB


CPU:total 8 (initial active 8) (4 cores per cpu, 2 threads per core) family 6 model 58 stepping 9, cmov, cx8, fxsr, mmx, sse, sse2, sse3, ssse3, sse4.1, sse4.2, popcnt, avx, aes, clmul, erms, ht, tsc, tscinvbit, tscinv

/proc/cpuinfo:
processor	: 0
vendor_id	: GenuineIntel
cpu family	: 6
model		: 58
model name	: Intel(R) Core(TM) i7-3630QM CPU @ 2.40GHz
stepping	: 9
microcode	: 0x1c
cpu MHz		: 3042.773
cache size	: 6144 KB
physical id	: 0
siblings	: 8
core id		: 0
cpu cores	: 4
apicid		: 0
initial apicid	: 0
fpu		: yes
fpu_exception	: yes
cpuid level	: 13
wp		: yes
flags		: fpu vme de pse tsc msr pae mce cx8 apic sep mtrr pge mca cmov pat pse36 clflush dts acpi mmx fxsr sse sse2 ss ht tm pbe syscall nx rdtscp lm constant_tsc arch_perfmon pebs bts rep_good nopl xtopology nonstop_tsc aperfmperf pni pclmulqdq dtes64 monitor ds_cpl vmx est tm2 ssse3 cx16 xtpr pdcm pcid sse4_1 sse4_2 x2apic popcnt tsc_deadline_timer aes xsave avx f16c rdrand lahf_lm epb tpr_shadow vnmi flexpriority ept vpid fsgsbase smep erms xsaveopt dtherm ida arat pln pts
bugs		:
bogomips	: 4789.46
clflush size	: 64
cache_alignment	: 64
address sizes	: 36 bits physical, 48 bits virtual
power management:

processor	: 1
vendor_id	: GenuineIntel
cpu family	: 6
model		: 58
model name	: Intel(R) Core(TM) i7-3630QM CPU @ 2.40GHz
stepping	: 9
microcode	: 0x1c
cpu MHz		: 3010.986
cache size	: 6144 KB
physical id	: 0
siblings	: 8
core id		: 0
cpu cores	: 4
apicid		: 1
initial apicid	: 1
fpu		: yes
fpu_exception	: yes
cpuid level	: 13
wp		: yes
flags		: fpu vme de pse tsc msr pae mce cx8 apic sep mtrr pge mca cmov pat pse36 clflush dts acpi mmx fxsr sse sse2 ss ht tm pbe syscall nx rdtscp lm constant_tsc arch_perfmon pebs bts rep_good nopl xtopology nonstop_tsc aperfmperf pni pclmulqdq dtes64 monitor ds_cpl vmx est tm2 ssse3 cx16 xtpr pdcm pcid sse4_1 sse4_2 x2apic popcnt tsc_deadline_timer aes xsave avx f16c rdrand lahf_lm epb tpr_shadow vnmi flexpriority ept vpid fsgsbase smep erms xsaveopt dtherm ida arat pln pts
bugs		:
bogomips	: 4789.46
clflush size	: 64
cache_alignment	: 64
address sizes	: 36 bits physical, 48 bits virtual
power management:

processor	: 2
vendor_id	: GenuineIntel
cpu family	: 6
model		: 58
model name	: Intel(R) Core(TM) i7-3630QM CPU @ 2.40GHz
stepping	: 9
microcode	: 0x1c
cpu MHz		: 3165.820
cache size	: 6144 KB
physical id	: 0
siblings	: 8
core id		: 1
cpu cores	: 4
apicid		: 2
initial apicid	: 2
fpu		: yes
fpu_exception	: yes
cpuid level	: 13
wp		: yes
flags		: fpu vme de pse tsc msr pae mce cx8 apic sep mtrr pge mca cmov pat pse36 clflush dts acpi mmx fxsr sse sse2 ss ht tm pbe syscall nx rdtscp lm constant_tsc arch_perfmon pebs bts rep_good nopl xtopology nonstop_tsc aperfmperf pni pclmulqdq dtes64 monitor ds_cpl vmx est tm2 ssse3 cx16 xtpr pdcm pcid sse4_1 sse4_2 x2apic popcnt tsc_deadline_timer aes xsave avx f16c rdrand lahf_lm epb tpr_shadow vnmi flexpriority ept vpid fsgsbase smep erms xsaveopt dtherm ida arat pln pts
bugs		:
bogomips	: 4789.46
clflush size	: 64
cache_alignment	: 64
address sizes	: 36 bits physical, 48 bits virtual
power management:

processor	: 3
vendor_id	: GenuineIntel
cpu family	: 6
model		: 58
model name	: Intel(R) Core(TM) i7-3630QM CPU @ 2.40GHz
stepping	: 9
microcode	: 0x1c
cpu MHz		: 3117.041
cache size	: 6144 KB
physical id	: 0
siblings	: 8
core id		: 1
cpu cores	: 4
apicid		: 3
initial apicid	: 3
fpu		: yes
fpu_exception	: yes
cpuid level	: 13
wp		: yes
flags		: fpu vme de pse tsc msr pae mce cx8 apic sep mtrr pge mca cmov pat pse36 clflush dts acpi mmx fxsr sse sse2 ss ht tm pbe syscall nx rdtscp lm constant_tsc arch_perfmon pebs bts rep_good nopl xtopology nonstop_tsc aperfmperf pni pclmulqdq dtes64 monitor ds_cpl vmx est tm2 ssse3 cx16 xtpr pdcm pcid sse4_1 sse4_2 x2apic popcnt tsc_deadline_timer aes xsave avx f16c rdrand lahf_lm epb tpr_shadow vnmi flexpriority ept vpid fsgsbase smep erms xsaveopt dtherm ida arat pln pts
bugs		:
bogomips	: 4789.46
clflush size	: 64
cache_alignment	: 64
address sizes	: 36 bits physical, 48 bits virtual
power management:

processor	: 4
vendor_id	: GenuineIntel
cpu family	: 6
model		: 58
model name	: Intel(R) Core(TM) i7-3630QM CPU @ 2.40GHz
stepping	: 9
microcode	: 0x1c
cpu MHz		: 3194.970
cache size	: 6144 KB
physical id	: 0
siblings	: 8
core id		: 2
cpu cores	: 4
apicid		: 4
initial apicid	: 4
fpu		: yes
fpu_exception	: yes
cpuid level	: 13
wp		: yes
flags		: fpu vme de pse tsc msr pae mce cx8 apic sep mtrr pge mca cmov pat pse36 clflush dts acpi mmx fxsr sse sse2 ss ht tm pbe syscall nx rdtscp lm constant_tsc arch_perfmon pebs bts rep_good nopl xtopology nonstop_tsc aperfmperf pni pclmulqdq dtes64 monitor ds_cpl vmx est tm2 ssse3 cx16 xtpr pdcm pcid sse4_1 sse4_2 x2apic popcnt tsc_deadline_timer aes xsave avx f16c rdrand lahf_lm epb tpr_shadow vnmi flexpriority ept vpid fsgsbase smep erms xsaveopt dtherm ida arat pln pts
bugs		:
bogomips	: 4789.46
clflush size	: 64
cache_alignment	: 64
address sizes	: 36 bits physical, 48 bits virtual
power management:

processor	: 5
vendor_id	: GenuineIntel
cpu family	: 6
model		: 58
model name	: Intel(R) Core(TM) i7-3630QM CPU @ 2.40GHz
stepping	: 9
microcode	: 0x1c
cpu MHz		: 3199.951
cache size	: 6144 KB
physical id	: 0
siblings	: 8
core id		: 2
cpu cores	: 4
apicid		: 5
initial apicid	: 5
fpu		: yes
fpu_exception	: yes
cpuid level	: 13
wp		: yes
flags		: fpu vme de pse tsc msr pae mce cx8 apic sep mtrr pge mca cmov pat pse36 clflush dts acpi mmx fxsr sse sse2 ss ht tm pbe syscall nx rdtscp lm constant_tsc arch_perfmon pebs bts rep_good nopl xtopology nonstop_tsc aperfmperf pni pclmulqdq dtes64 monitor ds_cpl vmx est tm2 ssse3 cx16 xtpr pdcm pcid sse4_1 sse4_2 x2apic popcnt tsc_deadline_timer aes xsave avx f16c rdrand lahf_lm epb tpr_shadow vnmi flexpriority ept vpid fsgsbase smep erms xsaveopt dtherm ida arat pln pts
bugs		:
bogomips	: 4789.46
clflush size	: 64
cache_alignment	: 64
address sizes	: 36 bits physical, 48 bits virtual
power management:

processor	: 6
vendor_id	: GenuineIntel
cpu family	: 6
model		: 58
model name	: Intel(R) Core(TM) i7-3630QM CPU @ 2.40GHz
stepping	: 9
microcode	: 0x1c
cpu MHz		: 3091.552
cache size	: 6144 KB
physical id	: 0
siblings	: 8
core id		: 3
cpu cores	: 4
apicid		: 6
initial apicid	: 6
fpu		: yes
fpu_exception	: yes
cpuid level	: 13
wp		: yes
flags		: fpu vme de pse tsc msr pae mce cx8 apic sep mtrr pge mca cmov pat pse36 clflush dts acpi mmx fxsr sse sse2 ss ht tm pbe syscall nx rdtscp lm constant_tsc arch_perfmon pebs bts rep_good nopl xtopology nonstop_tsc aperfmperf pni pclmulqdq dtes64 monitor ds_cpl vmx est tm2 ssse3 cx16 xtpr pdcm pcid sse4_1 sse4_2 x2apic popcnt tsc_deadline_timer aes xsave avx f16c rdrand lahf_lm epb tpr_shadow vnmi flexpriority ept vpid fsgsbase smep erms xsaveopt dtherm ida arat pln pts
bugs		:
bogomips	: 4789.46
clflush size	: 64
cache_alignment	: 64
address sizes	: 36 bits physical, 48 bits virtual
power management:

processor	: 7
vendor_id	: GenuineIntel
cpu family	: 6
model		: 58
model name	: Intel(R) Core(TM) i7-3630QM CPU @ 2.40GHz
stepping	: 9
microcode	: 0x1c
cpu MHz		: 3199.951
cache size	: 6144 KB
physical id	: 0
siblings	: 8
core id		: 3
cpu cores	: 4
apicid		: 7
initial apicid	: 7
fpu		: yes
fpu_exception	: yes
cpuid level	: 13
wp		: yes
flags		: fpu vme de pse tsc msr pae mce cx8 apic sep mtrr pge mca cmov pat pse36 clflush dts acpi mmx fxsr sse sse2 ss ht tm pbe syscall nx rdtscp lm constant_tsc arch_perfmon pebs bts rep_good nopl xtopology nonstop_tsc aperfmperf pni pclmulqdq dtes64 monitor ds_cpl vmx est tm2 ssse3 cx16 xtpr pdcm pcid sse4_1 sse4_2 x2apic popcnt tsc_deadline_timer aes xsave avx f16c rdrand lahf_lm epb tpr_shadow vnmi flexpriority ept vpid fsgsbase smep erms xsaveopt dtherm ida arat pln pts
bugs		:
bogomips	: 4789.46
clflush size	: 64
cache_alignment	: 64
address sizes	: 36 bits physical, 48 bits virtual
power management:



Memory: 4k page, physical 7866696k(104624k free), swap 2097148k(0k free)

vm_info: OpenJDK 64-Bit Server VM (25.151-b12) for linux-amd64 JRE (1.8.0_151-8u151-b12-0ubuntu0.17.04.2-b12), built on Oct 26 2017 19:48:24 by "buildd" with gcc 6.3.0 20170406

time: Sat Feb  3 19:39:05 2018
elapsed time: 3 seconds (0d 0h 0m 3s)

